<?xml version="1.0" encoding="UTF-8"?>
<testsuite xmlns:xsi="http://www.w3.org/2001/XMLSchema-instance" xsi:schemaLocation="https://maven.apache.org/surefire/maven-surefire-plugin/xsd/surefire-test-report.xsd" name="chemicalsupplystore.CustomerTest" time="0.11" tests="13" errors="0" skipped="0" failures="0">
  <properties>
    <property name="idea.version" value="2017.3.4"/>
    <property name="java.runtime.name" value="Java(TM) SE Runtime Environment"/>
    <property name="sun.boot.library.path" value="D:\JAVA\jdk1.8.0_161\jre\bin"/>
    <property name="java.vm.version" value="25.161-b12"/>
    <property name="java.vm.vendor" value="Oracle Corporation"/>
    <property name="maven.multiModuleProjectDirectory" value="D:\NETBEANS\Projects\ChemicalStore"/>
    <property name="java.vendor.url" value="http://java.oracle.com/"/>
    <property name="path.separator" value=";"/>
    <property name="guice.disable.misplaced.annotation.check" value="true"/>
    <property name="java.vm.name" value="Java HotSpot(TM) 64-Bit Server VM"/>
    <property name="file.encoding.pkg" value="sun.io"/>
    <property name="user.script" value=""/>
    <property name="user.country" value="US"/>
    <property name="sun.java.launcher" value="SUN_STANDARD"/>
    <property name="sun.os.patch.level" value=""/>
    <property name="java.vm.specification.name" value="Java Virtual Machine Specification"/>
    <property name="user.dir" value="D:\NETBEANS\Projects\ChemicalStore"/>
    <property name="java.runtime.version" value="1.8.0_161-b12"/>
    <property name="java.awt.graphicsenv" value="sun.awt.Win32GraphicsEnvironment"/>
    <property name="java.endorsed.dirs" value="D:\JAVA\jdk1.8.0_161\jre\lib\endorsed"/>
    <property name="os.arch" value="amd64"/>
    <property name="java.io.tmpdir" value="C:\Users\makc2\AppData\Local\Temp\"/>
    <property name="line.separator" value="&#10;"/>
    <property name="java.vm.specification.vendor" value="Oracle Corporation"/>
    <property name="user.variant" value=""/>
    <property name="os.name" value="Windows 10"/>
    <property name="classworlds.conf" value="D:\INTELIJ\IntelliJ IDEA Community Edition 2017.3.4\plugins\maven\lib\maven3\bin\m2.conf"/>
    <property name="sun.jnu.encoding" value="Cp1251"/>
    <property name="java.library.path" value="D:\JAVA\jdk1.8.0_161\bin;C:\WINDOWS\Sun\Java\bin;C:\WINDOWS\system32;C:\WINDOWS;C:\Perl\site\bin;C:\Perl\bin;C:\ProgramData\Oracle\Java\javapath;C:\Windows\system32;C:\Windows;C:\Windows\System32\Wbem;C:\Windows\System32\WindowsPowerShell\v1.0\;C:\program files (x86)\skype\Phone\;C:\Program Files (x86)\Common Files\Acronis\SnapAPI\;C:\Program Files (x86)\NVIDIA Corporation\PhysX\Common;C:\Program Files\Git\cmd;C:\Program Files (x86)\GtkSharp\2.12\bin;C:\WINDOWS\system32;C:\WINDOWS;C:\WINDOWS\System32\Wbem;C:\WINDOWS\System32\WindowsPowerShell\v1.0\;D:\JAVA\apache-maven-3.5.2\bin;."/>
    <property name="java.specification.name" value="Java Platform API Specification"/>
    <property name="java.class.version" value="52.0"/>
    <property name="sun.management.compiler" value="HotSpot 64-Bit Tiered Compilers"/>
    <property name="os.version" value="10.0"/>
    <property name="user.home" value="C:\Users\makc2"/>
    <property name="user.timezone" value="Europe/Helsinki"/>
    <property name="java.awt.printerjob" value="sun.awt.windows.WPrinterJob"/>
    <property name="java.specification.version" value="1.8"/>
    <property name="file.encoding" value="UTF-8"/>
    <property name="user.name" value="makc2"/>
    <property name="java.class.path" value="D:\INTELIJ\IntelliJ IDEA Community Edition 2017.3.4\plugins\maven\lib\maven3\boot\plexus-classworlds-2.5.2.jar;D:\INTELIJ\IntelliJ IDEA Community Edition 2017.3.4\lib\idea_rt.jar"/>
    <property name="java.vm.specification.version" value="1.8"/>
    <property name="sun.arch.data.model" value="64"/>
    <property name="java.home" value="D:\JAVA\jdk1.8.0_161\jre"/>
    <property name="sun.java.command" value="org.codehaus.classworlds.Launcher -Didea.version=2017.3.4 test"/>
    <property name="java.specification.vendor" value="Oracle Corporation"/>
    <property name="user.language" value="en"/>
    <property name="awt.toolkit" value="sun.awt.windows.WToolkit"/>
    <property name="java.vm.info" value="mixed mode"/>
    <property name="java.version" value="1.8.0_161"/>
    <property name="java.ext.dirs" value="D:\JAVA\jdk1.8.0_161\jre\lib\ext;C:\WINDOWS\Sun\Java\lib\ext"/>
    <property name="sun.boot.class.path" value="D:\JAVA\jdk1.8.0_161\jre\lib\resources.jar;D:\JAVA\jdk1.8.0_161\jre\lib\rt.jar;D:\JAVA\jdk1.8.0_161\jre\lib\sunrsasign.jar;D:\JAVA\jdk1.8.0_161\jre\lib\jsse.jar;D:\JAVA\jdk1.8.0_161\jre\lib\jce.jar;D:\JAVA\jdk1.8.0_161\jre\lib\charsets.jar;D:\JAVA\jdk1.8.0_161\jre\lib\jfr.jar;D:\JAVA\jdk1.8.0_161\jre\classes"/>
    <property name="java.vendor" value="Oracle Corporation"/>
    <property name="maven.home" value="D:\INTELIJ\IntelliJ IDEA Community Edition 2017.3.4\plugins\maven\lib\maven3"/>
    <property name="file.separator" value="\"/>
    <property name="java.vendor.url.bug" value="http://bugreport.sun.com/bugreport/"/>
    <property name="sun.cpu.endian" value="little"/>
    <property name="sun.io.unicode.encoding" value="UnicodeLittle"/>
    <property name="sun.desktop" value="windows"/>
    <property name="sun.cpu.isalist" value="amd64"/>
  </properties>
  <testcase name="testSetterCustomerWithInvalidNumberOfNecessaryGoods" classname="chemicalsupplystore.CustomerTest" time="0.015"/>
  <testcase name="testToString" classname="chemicalsupplystore.CustomerTest" time="0"/>
  <testcase name="testSetterCustomerWithValidName" classname="chemicalsupplystore.CustomerTest" time="0"/>
  <testcase name="testGetterCustomerWithValidSurname" classname="chemicalsupplystore.CustomerTest" time="0"/>
  <testcase name="testGetterCustomerWithValidAmountOfMoney" classname="chemicalsupplystore.CustomerTest" time="0"/>
  <testcase name="testSetterCustomerWithValidSurname" classname="chemicalsupplystore.CustomerTest" time="0"/>
  <testcase name="testGetterCustomerWithValidNumberOfNecessaryGoods" classname="chemicalsupplystore.CustomerTest" time="0"/>
  <testcase name="testSetterCustomerWithInvalidSurname" classname="chemicalsupplystore.CustomerTest" time="0"/>
  <testcase name="testGetterCustomerWithValidName" classname="chemicalsupplystore.CustomerTest" time="0"/>
  <testcase name="testSetterCustomerWithValidNumberOfNecessaryGoods" classname="chemicalsupplystore.CustomerTest" time="0"/>
  <testcase name="testSetterCustomerWithInvalidName" classname="chemicalsupplystore.CustomerTest" time="0"/>
  <testcase name="testSetterCustomerWithInvalidAmountOfMoney" classname="chemicalsupplystore.CustomerTest" time="0"/>
  <testcase name="testSetterCustomerWithValidAmountOfMoney" classname="chemicalsupplystore.CustomerTest" time="0"/>
</testsuite>